[debug] [2026-06-23T22:33:09.231Z] ----------------------------------------------------------------------
[debug] [2026-06-23T22:33:09.232Z] Command:       /usr/local/bin/node /Volumes/T7Shield/Dev/caches/npm-cache/_npx/ba4f1959e38407b5/node_modules/.bin/firebase deploy --only hosting
[debug] [2026-06-23T22:33:09.232Z] CLI Version:   15.22.1
[debug] [2026-06-23T22:33:09.233Z] Platform:      darwin
[debug] [2026-06-23T22:33:09.233Z] Node Version:  v24.14.1
[debug] [2026-06-23T22:33:09.233Z] Detected Agent: antigravity
[debug] [2026-06-23T22:33:09.233Z] Time:          Wed Jun 24 2026 03:33:09 GMT+0500 (Pakistan Standard Time)
[debug] [2026-06-23T22:33:09.233Z] ----------------------------------------------------------------------
[debug] 
[debug] [2026-06-23T22:33:09.941Z] > command requires scopes: ["email","openid","https://www.googleapis.com/auth/cloudplatformprojects.readonly","https://www.googleapis.com/auth/firebase","https://www.googleapis.com/auth/cloud-platform"]
[debug] [2026-06-23T22:33:09.941Z] > authorizing via signed-in user (fazalkhan4628@gmail.com)
[debug] [2026-06-23T22:33:09.941Z] [iam] checking project second-brain-doc-analyzer for permissions ["firebase.projects.get","firebasehosting.sites.update"]
[debug] [2026-06-23T22:33:09.941Z] Checked if tokens are valid: true, expires at: 1782255987803
[debug] [2026-06-23T22:33:09.941Z] Checked if tokens are valid: true, expires at: 1782255987803
[debug] [2026-06-23T22:33:09.942Z] >>> [apiv2][query] POST https://cloudresourcemanager.googleapis.com/v1/projects/second-brain-doc-analyzer:testIamPermissions [none]
[debug] [2026-06-23T22:33:09.942Z] >>> [apiv2][(partial)header] POST https://cloudresourcemanager.googleapis.com/v1/projects/second-brain-doc-analyzer:testIamPermissions  x-goog-user-project=second-brain-doc-analyzer
[debug] [2026-06-23T22:33:09.942Z] >>> [apiv2][body] POST https://cloudresourcemanager.googleapis.com/v1/projects/second-brain-doc-analyzer:testIamPermissions {"permissions":["firebase.projects.get","firebasehosting.sites.update"]}
[debug] [2026-06-23T22:33:11.813Z] <<< [apiv2][status] POST https://cloudresourcemanager.googleapis.com/v1/projects/second-brain-doc-analyzer:testIamPermissions 200
[debug] [2026-06-23T22:33:11.813Z] <<< [apiv2][body] POST https://cloudresourcemanager.googleapis.com/v1/projects/second-brain-doc-analyzer:testIamPermissions {"permissions":["firebase.projects.get","firebasehosting.sites.update"]}
[debug] [2026-06-23T22:33:11.814Z] Checked if tokens are valid: true, expires at: 1782255987803
[debug] [2026-06-23T22:33:11.814Z] Checked if tokens are valid: true, expires at: 1782255987803
[debug] [2026-06-23T22:33:11.814Z] >>> [apiv2][query] GET https://firebase.googleapis.com/v1beta1/projects/second-brain-doc-analyzer [none]
[debug] [2026-06-23T22:33:12.557Z] <<< [apiv2][status] GET https://firebase.googleapis.com/v1beta1/projects/second-brain-doc-analyzer 200
[debug] [2026-06-23T22:33:12.557Z] <<< [apiv2][body] GET https://firebase.googleapis.com/v1beta1/projects/second-brain-doc-analyzer {"projectId":"second-brain-doc-analyzer","projectNumber":"692959184464","displayName":"Second Brain","name":"projects/second-brain-doc-analyzer","resources":{"hostingSite":"second-brain-doc-analyzer"},"state":"ACTIVE","etag":"1_d412b25f-0833-4886-b9b5-311bb166524b"}
[info] 
[info] === Deploying to 'second-brain-doc-analyzer'...
[info] 
[info] i  deploying hosting 
[debug] [2026-06-23T22:33:12.561Z] Checked if tokens are valid: true, expires at: 1782255987803
[debug] [2026-06-23T22:33:12.561Z] Checked if tokens are valid: true, expires at: 1782255987803
[debug] [2026-06-23T22:33:12.561Z] >>> [apiv2][query] GET https://firebasehosting.googleapis.com/v1beta1/projects/second-brain-doc-analyzer/sites/second-brain-doc-analyzer [none]
[debug] [2026-06-23T22:33:14.648Z] <<< [apiv2][status] GET https://firebasehosting.googleapis.com/v1beta1/projects/second-brain-doc-analyzer/sites/second-brain-doc-analyzer 200
[debug] [2026-06-23T22:33:14.648Z] <<< [apiv2][body] GET https://firebasehosting.googleapis.com/v1beta1/projects/second-brain-doc-analyzer/sites/second-brain-doc-analyzer {"name":"projects/second-brain-doc-analyzer/sites/second-brain-doc-analyzer","defaultUrl":"https://second-brain-doc-analyzer.web.app","type":"DEFAULT_SITE"}
[debug] [2026-06-23T22:33:14.650Z] Checked if tokens are valid: true, expires at: 1782255987803
[debug] [2026-06-23T22:33:14.650Z] Checked if tokens are valid: true, expires at: 1782255987803
[debug] [2026-06-23T22:33:14.650Z] >>> [apiv2][query] POST https://firebasehosting.googleapis.com/v1beta1/projects/-/sites/second-brain-doc-analyzer/versions [none]
[debug] [2026-06-23T22:33:14.650Z] >>> [apiv2][body] POST https://firebasehosting.googleapis.com/v1beta1/projects/-/sites/second-brain-doc-analyzer/versions {"status":"CREATED","labels":{"deployment-tool":"cli-firebase"}}
